-------------------------------------------------------------------------------
Test set: com.rvg.WordCount.WordFrequencyTest
-------------------------------------------------------------------------------
Tests run: 1, Failures: 1, Errors: 0, Skipped: 0, Time elapsed: 0 sec <<< FAILURE!
com.rvg.WordCount.WordFrequencyTest.testTextProcessor()  Time elapsed: 0 sec  <<< FAILURE!
java.lang.NullPointerException: Cannot invoke "com.rvg.WordCount.WordFrequency.getWord()" because "this.wordFrequency" is null
	at com.rvg.WordCount.WordFrequencyTest.testTextProcessor(WordFrequencyTest.java:34)

