<?xml version="1.0" encoding="UTF-8" ?>
<testsuite tests="3" failures="3" name="com.rvg.WordCount.WordFrequencyAnalyzerTest" time="0.016" errors="0" skipped="0">
  <properties>
[...]
</properties>
  <testcase classname="com.rvg.WordCount.WordFrequencyAnalyzerTest" name="com.rvg.WordCount.WordFrequencyAnalyzerTest.testCalculateHighestFrequency" time="0.016">
    <failure message="Cannot invoke &quot;com.rvg.WordCount.WordFrequencyAnalyzer.calculateHighestFrequency(String)&quot; because &quot;this.wordFrequencyAnalyzer&quot; is null" type="java.lang.NullPointerException">java.lang.NullPointerException: Cannot invoke &quot;com.rvg.WordCount.WordFrequencyAnalyzer.calculateHighestFrequency(String)&quot; because &quot;this.wordFrequencyAnalyzer&quot; is null
	at com.rvg.WordCount.WordFrequencyAnalyzerTest.testCalculateHighestFrequency(WordFrequencyAnalyzerTest.java:21)
</failure>
  </testcase>
  <testcase classname="com.rvg.WordCount.WordFrequencyAnalyzerTest" name="com.rvg.WordCount.WordFrequencyAnalyzerTest.testCalculateFrequencyForWord" time="0">
    <failure message="Cannot invoke &quot;com.rvg.WordCount.WordFrequencyAnalyzer.calculateFrequencyForWord(String, String)&quot; because &quot;this.wordFrequencyAnalyzer&quot; is null" type="java.lang.NullPointerException">java.lang.NullPointerException: Cannot invoke &quot;com.rvg.WordCount.WordFrequencyAnalyzer.calculateFrequencyForWord(String, String)&quot; because &quot;this.wordFrequencyAnalyzer&quot; is null
	at com.rvg.WordCount.WordFrequencyAnalyzerTest.testCalculateFrequencyForWord(WordFrequencyAnalyzerTest.java:27)
</failure>
  </testcase>
  <testcase classname="com.rvg.WordCount.WordFrequencyAnalyzerTest" name="com.rvg.WordCount.WordFrequencyAnalyzerTest.testCalculateMostFrequentNWords" time="0">
    <failure message="Cannot invoke &quot;com.rvg.WordCount.WordFrequencyAnalyzer.calculateMostFrequentNWords(String, int)&quot; because &quot;this.wordFrequencyAnalyzer&quot; is null" type="java.lang.NullPointerException">java.lang.NullPointerException: Cannot invoke &quot;com.rvg.WordCount.WordFrequencyAnalyzer.calculateMostFrequentNWords(String, int)&quot; because &quot;this.wordFrequencyAnalyzer&quot; is null
	at com.rvg.WordCount.WordFrequencyAnalyzerTest.testCalculateMostFrequentNWords(WordFrequencyAnalyzerTest.java:33)
</failure>
  </testcase>
</testsuite>